Initialized native services in: C:\Users\fmrif\.gradle\native
Initialized jansi services in: C:\Users\fmrif\.gradle\native
Found daemon DaemonInfo{pid=17960, address=[63a25da4-5449-4627-ad3a-7d808f37e0c6 port:52280, addresses:[/127.0.0.1]], state=Idle, lastBusy=1769181980921, context=DefaultDaemonContext[uid=c56cf2fe-821c-4ef1-a15d-4f91966ec63e,javaHome=C:\Program Files\Eclipse Adoptium\jdk-21.0.9.10-hotspot,javaVersion=21,javaVendor=Eclipse Adoptium,daemonRegistryDir=C:\Users\fmrif\.gradle\daemon,pid=17960,idleTimeout=10800000,priority=NORMAL,applyInstrumentationAgent=true,nativeServicesMode=ENABLED,daemonOpts=-XX:MaxMetaspaceSize=384m,-XX:+HeapDumpOnOutOfMemoryError,-Xms256m,-Xmx512m,-Dfile.encoding=UTF-8,-Duser.country=ID,-Duser.language=en,-Duser.variant]} however its context does not match the desired criteria.
JVM is incompatible.
Wanted: DaemonRequestContext{jvmCriteria=C:\Program Files\Eclipse Adoptium\jdk-25.0.1.8-hotspot (from org.gradle.java.home), daemonOpts=[-XX:MaxMetaspaceSize=384m, -XX:+HeapDumpOnOutOfMemoryError, -Xms256m, -Xmx512m, -Dfile.encoding=UTF-8, -Duser.country=ID, -Duser.language=en, -Duser.variant], applyInstrumentationAgent=true, nativeServicesMode=ENABLED, priority=NORMAL}
Actual: DefaultDaemonContext[uid=c56cf2fe-821c-4ef1-a15d-4f91966ec63e,javaHome=C:\Program Files\Eclipse Adoptium\jdk-21.0.9.10-hotspot,javaVersion=21,javaVendor=Eclipse Adoptium,daemonRegistryDir=C:\Users\fmrif\.gradle\daemon,pid=17960,idleTimeout=10800000,priority=NORMAL,applyInstrumentationAgent=true,nativeServicesMode=ENABLED,daemonOpts=-XX:MaxMetaspaceSize=384m,-XX:+HeapDumpOnOutOfMemoryError,-Xms256m,-Xmx512m,-Dfile.encoding=UTF-8,-Duser.country=ID,-Duser.language=en,-Duser.variant]

  Looking for a different daemon...
Removing 0 daemon stop events from registry
Previous Daemon (22696) stopped at Fri Jan 23 21:47:12 WIB 2026 after being idle for 51 minutes and not recently used and to reclaim system physical memory
Previous Daemon (18112) stopped at Fri Jan 23 21:47:54 WIB 2026 after being idle for 1 minutes and not recently used and to reclaim system virtual memory
Previous Daemon (23808) stopped at Fri Jan 23 22:08:30 WIB 2026 after being idle for 2 minutes and not recently used and to reclaim system virtual memory
Previous Daemon (25044) stopped at Fri Jan 23 22:09:44 WIB 2026 after being idle for 3 minutes and not recently used and to reclaim system virtual memory
Previous Daemon (4080) stopped at Fri Jan 23 22:22:37 WIB 2026 after being idle for 0 minutes and not recently used and to reclaim system virtual memory
Previous Daemon (11580) stopped at Fri Jan 23 22:23:14 WIB 2026 after being idle for 0 minutes and not recently used and to reclaim system virtual memory
Starting a Gradle Daemon, 1 incompatible and 6 stopped Daemons could not be reused, use --status for details
Starting process 'command 'C:\Program Files\Eclipse Adoptium\jdk-25.0.1.8-hotspot\bin\java.exe''. Working directory: C:\Users\fmrif\.gradle\.tmp\tmp-jvm17336302649779235198probe Command: C:\Program Files\Eclipse Adoptium\jdk-25.0.1.8-hotspot\bin\java.exe -Xmx32m -Xms32m -cp . JavaProbe
Successfully started process 'command 'C:\Program Files\Eclipse Adoptium\jdk-25.0.1.8-hotspot\bin\java.exe''
Received JVM installation metadata from 'C:\Program Files\Eclipse Adoptium\jdk-25.0.1.8-hotspot': {JAVA_HOME=C:\Program Files\Eclipse Adoptium\jdk-25.0.1.8-hotspot, JAVA_VERSION=25.0.1, JAVA_VENDOR=Eclipse Adoptium, RUNTIME_NAME=OpenJDK Runtime Environment, RUNTIME_VERSION=25.0.1+8-LTS, VM_NAME=OpenJDK 64-Bit Server VM, VM_VERSION=25.0.1+8-LTS, VM_VENDOR=Eclipse Adoptium, OS_ARCH=amd64}
Starting process 'Gradle build daemon'. Working directory: C:\Users\fmrif\.gradle\daemon\9.3.0 Command: C:\Program Files\Eclipse Adoptium\jdk-25.0.1.8-hotspot\bin\java.exe --add-opens=java.base/java.lang=ALL-UNNAMED --add-opens=java.base/java.lang.invoke=ALL-UNNAMED --add-opens=java.base/java.util=ALL-UNNAMED --add-opens=java.prefs/java.util.prefs=ALL-UNNAMED --add-exports=jdk.compiler/com.sun.tools.javac.api=ALL-UNNAMED --add-exports=jdk.compiler/com.sun.tools.javac.util=ALL-UNNAMED --add-opens=java.base/java.util=ALL-UNNAMED --add-opens=java.prefs/java.util.prefs=ALL-UNNAMED --add-opens=java.base/java.nio.charset=ALL-UNNAMED --add-opens=java.base/java.net=ALL-UNNAMED --add-opens=java.base/java.util.concurrent=ALL-UNNAMED --add-opens=java.base/java.util.concurrent.atomic=ALL-UNNAMED --add-opens=java.xml/javax.xml.namespace=ALL-UNNAMED --add-opens=java.base/java.time=ALL-UNNAMED --enable-native-access=ALL-UNNAMED -XX:MaxMetaspaceSize=384m -XX:+HeapDumpOnOutOfMemoryError -Xms256m -Xmx512m -Dfile.encoding=UTF-8 -Duser.country=ID -Duser.language=en -Duser.variant -cp C:\Users\fmrif\.gradle\wrapper\dists\gradle-9.3.0-bin\79n14ral3mx1ozqr3csh2u872\gradle-9.3.0\lib\gradle-daemon-main-9.3.0.jar -javaagent:C:\Users\fmrif\.gradle\wrapper\dists\gradle-9.3.0-bin\79n14ral3mx1ozqr3csh2u872\gradle-9.3.0\lib\agents\gradle-instrumentation-agent-9.3.0.jar org.gradle.launcher.daemon.bootstrap.GradleDaemon 9.3.0
Successfully started process 'Gradle build daemon'
An attempt to start the daemon took 1.202 secs.
The client will now receive all logging from the daemon (pid: 27460). The daemon log file: C:\Users\fmrif\.gradle\daemon\9.3.0\daemon-27460.out.log
Starting build in new daemon [memory: 512 MiB]
Using 12 worker leases.
Operational build model parameters: {requiresToolingModels=false, parallelProjectExecution=false, configureOnDemand=false, configurationCache=false, configurationCacheParallelStore=false, configurationCacheParallelLoad=true, isolatedProjects=false, parallelProjectConfiguration=false, intermediateModelCache=false, parallelToolingApiActions=false, invalidateCoupledProjects=false, modelAsProjectDependency=false, resilientModelBuilding=false}
Received JVM installation metadata from 'C:\Program Files\Eclipse Adoptium\jdk-25.0.1.8-hotspot': {JAVA_HOME=C:\Program Files\Eclipse Adoptium\jdk-25.0.1.8-hotspot, JAVA_VERSION=25.0.1, JAVA_VENDOR=Eclipse Adoptium, RUNTIME_NAME=OpenJDK Runtime Environment, RUNTIME_VERSION=25.0.1+8-LTS, VM_NAME=OpenJDK 64-Bit Server VM, VM_VERSION=25.0.1+8-LTS, VM_VENDOR=Eclipse Adoptium, OS_ARCH=amd64}
Watching the file system is configured to be enabled if available
Now considering [E:\Minecraft Project\Vanilla Outsider Collections\Better Dogs] as hierarchies to watch
File system watching is active
Starting Build
Settings evaluated using settings file 'E:\Minecraft Project\Vanilla Outsider Collections\Better Dogs\settings.gradle'.
Projects loaded. Root project using build file 'E:\Minecraft Project\Vanilla Outsider Collections\Better Dogs\build.gradle'.
Included projects: [root project 'vanilla-outsider-better-dogs']

> Configure project :
Evaluating root project 'vanilla-outsider-better-dogs' using build file 'E:\Minecraft Project\Vanilla Outsider Collections\Better Dogs\build.gradle'.
Resolved plugin [id: 'net.fabricmc.fabric-loom', version: '1.14.7']
Resolved plugin [id: 'maven-publish']
Fabric Loom: 1.14.7
(kotlin.metadata.jvm.KotlinClassMetadata) with version (2.2.20-release-333) was loaded from (/C:/Users/fmrif/.gradle/caches/modules-2/files-2.1/org.jetbrains.kotlin/kotlin-metadata-jvm/2.2.20/1f04dd6a9950a57b90ab8fa536337ba76dee4f59/kotlin-metadata-jvm-2.2.20.jar)
(org.objectweb.asm.ClassVisitor) with version (9.9) was loaded from (/C:/Users/fmrif/.gradle/caches/modules-2/files-2.1/org.ow2.asm/asm/9.9/c29635c8a7afa03d74b33c1884df8abb2b3f3dcc/asm-9.9.jar)
(org.objectweb.asm.tree.analysis.Analyzer) with version (9.9) was loaded from (/C:/Users/fmrif/.gradle/caches/modules-2/files-2.1/org.ow2.asm/asm-analysis/9.9/bf4fa6e66638851c1cd22c2caea0c3ee5d5f437/asm-analysis-9.9.jar)
(org.objectweb.asm.commons.ClassRemapper) with version (9.9) was loaded from (/C:/Users/fmrif/.gradle/caches/modules-2/files-2.1/org.ow2.asm/asm-commons/9.9/db9165a3bf908ded6b08612d583a15d1d0c7bda0/asm-commons-9.9.jar)
(org.objectweb.asm.tree.ClassNode) with version (9.9) was loaded from (/C:/Users/fmrif/.gradle/caches/modules-2/files-2.1/org.ow2.asm/asm-tree/9.9/f8de6eead6d24dd0f45bd065bbe112b2cda6ea21/asm-tree-9.9.jar)
(org.objectweb.asm.util.ASMifier) with version (9.9) was loaded from (/C:/Users/fmrif/.gradle/caches/modules-2/files-2.1/org.ow2.asm/asm-util/9.9/42fdfc0508b43807c8078d6e82ecff2ce2112ae8/asm-util-9.9.jar)
(com.google.gson.Gson) with version (null) was loaded from (/C:/Users/fmrif/.gradle/caches/modules-2/files-2.1/com.google.code.gson/gson/2.10.1/b3add478d4382b78ea20b1671390a858002feb6c/gson-2.10.1.jar)
Previous process has disowned the lock due to abrupt termination.
Found existing cache lock file (ACQUIRED_PREVIOUS_OWNER_DISOWNED), rebuilding loom cache. This may have been caused by a failed or canceled build.
Using cached Minecraft jars
:Extracting server jar from bootstrap
:merging jars
Refreshing outputs for mapped jar, as refresh outputs was requested
Refreshing outputs for mapped jar, as refresh outputs was requested

Found installer in mod fabricloader version 0.16.10

> Configure project :
Applying installer data from configuration 'mainCompileDependencyResolve'
All projects evaluated.
Task name matched 'build'
Selected primary task 'build' from project :
Tasks to be executed: [task ':compileJava', task ':processResources', task ':classes', task ':processIncludeJars', task ':jar', task ':assemble', task ':compileTestJava', task ':processTestResources', task ':testClasses', task ':test', task ':validateAccessWidener', task ':check', task ':build']
Tasks that were excluded: []
Resolve mutations for :compileJava (Thread[#188,Execution worker Thread 2,5,main]) started.
:compileJava (Thread[#188,Execution worker Thread 2,5,main]) started.

> Task :compileJava
Deleting stale output file: E:\Minecraft Project\Vanilla Outsider Collections\Better Dogs\build\generated\sources\headers\java\main
Deleting stale output file: E:\Minecraft Project\Vanilla Outsider Collections\Better Dogs\build\generated\sources\annotationProcessor\java\main
Deleting stale output file: E:\Minecraft Project\Vanilla Outsider Collections\Better Dogs\build\tmp\compileJava\previous-compilation-data.bin
Deleting stale output file: E:\Minecraft Project\Vanilla Outsider Collections\Better Dogs\build\classes\java\main
Caching disabled for task ':compileJava' because:
  Build cache is disabled
Task ':compileJava' is not up-to-date because:
  No history is available.
The input changes require a full rebuild for incremental task ':compileJava'.
Compilation mode: in-process compilation
Full recompilation is required because no incremental change information is available. This is usually caused by clean builds or changing compiler arguments.
Compiling with toolchain 'C:\Program Files\Eclipse Adoptium\jdk-25.0.1.8-hotspot'.
Compiling with JDK Java compiler API.
./gradlew : E:\Minecraft Project\Vanilla Outsider 
Collections\Better Dogs\src\main\java\net\vanillaoutsider\betterd
ogs\WolfPersistentData.java:6: error: package 
net.vanillaoutsider.betterdogs.platform does not exist
At line:1 char:1
+ ./gradlew build --info --stacktrace 2>&1 | tee build_v20.log
+ ~~~~~~~~~~~~~~~~~~~~~~~~~~~~~~~~~~~~~~~~
    + CategoryInfo          : NotSpecified: (E:\Minecraft Pr...  
   does not exist:String) [], RemoteException
    + FullyQualifiedErrorId : NativeCommandError
 
import net.vanillaoutsider.betterdogs.platform.Services;
                                              ^
1 error

> Task :compileJava FAILED

[Incubating] Problems report is available at: file:///E:/Minecraft%20Project/Vanilla%20Outsider%20Collections/Better%20Dogs/build/reports/problems/problems-report.html

FAILURE: Build failed with an exception.

* What went wrong:
Execution failed for task ':compileJava'.
> Compilation failed; see the compiler output below.
  E:\Minecraft Project\Vanilla Outsider Collections\Better Dogs\s
rc\main\java\net\vanillaoutsider\betterdogs\WolfPersistentData.ja
va:6: error: package net.vanillaoutsider.betterdogs.platform 
does not exist
  import net.vanillaoutsider.betterdogs.platform.Services;
                                                ^
  1 error

* Try:
> Check your code and dependencies to fix the compilation 
error(s)
> Run with --scan to get full insights from a Build Scan 
(powered by Develocity).

* Exception is:
org.gradle.api.tasks.TaskExecutionException: Execution failed 
for task ':compileJava'.
	at org.gradle.api.internal.tasks.execution.ExecuteActionsTaskExe
cuter.lambda$executeIfValid$1(ExecuteActionsTaskExecuter.java:135
)
	at 
org.gradle.internal.Try$Failure.ifSuccessfulOrElse(Try.java:288)
	at org.gradle.api.internal.tasks.execution.ExecuteActionsTaskExe
cuter.executeIfValid(ExecuteActionsTaskExecuter.java:133)
	at org.gradle.api.internal.tasks.execution.ExecuteActionsTaskExe
cuter.execute(ExecuteActionsTaskExecuter.java:121)
	at org.gradle.api.internal.tasks.execution.ProblemsTaskPathTrack
ingTaskExecuter.execute(ProblemsTaskPathTrackingTaskExecuter.java
:41)
	at org.gradle.api.internal.tasks.execution.FinalizePropertiesTas
kExecuter.execute(FinalizePropertiesTaskExecuter.java:46)
	at org.gradle.api.internal.tasks.execution.ResolveTaskExecutionM
odeExecuter.execute(ResolveTaskExecutionModeExecuter.java:51)
	at org.gradle.api.internal.tasks.execution.SkipTaskWithNoActions
Executer.execute(SkipTaskWithNoActionsExecuter.java:57)
	at org.gradle.api.internal.tasks.execution.SkipOnlyIfTaskExecute
r.execute(SkipOnlyIfTaskExecuter.java:74)
	at org.gradle.api.internal.tasks.execution.CatchExceptionTaskExe
cuter.execute(CatchExceptionTaskExecuter.java:36)
	at org.gradle.api.internal.tasks.execution.EventFiringTaskExecut
er$1.executeTask(EventFiringTaskExecuter.java:77)
	at org.gradle.api.internal.tasks.execution.EventFiringTaskExecut
er$1.call(EventFiringTaskExecuter.java:55)
	at org.gradle.api.internal.tasks.execution.EventFiringTaskExecut
er$1.call(EventFiringTaskExecuter.java:52)
	at org.gradle.internal.operations.DefaultBuildOperationRunner$Ca
llableBuildOperationWorker.execute(DefaultBuildOperationRunner.ja
va:209)
	at org.gradle.internal.operations.DefaultBuildOperationRunner$Ca
llableBuildOperationWorker.execute(DefaultBuildOperationRunner.ja
va:204)
	at org.gradle.internal.operations.DefaultBuildOperationRunner$2.
execute(DefaultBuildOperationRunner.java:66)
	at org.gradle.internal.operations.DefaultBuildOperationRunner$2.
execute(DefaultBuildOperationRunner.java:59)
	at org.gradle.internal.operations.DefaultBuildOperationRunner.ex
ecute(DefaultBuildOperationRunner.java:166)
	at org.gradle.internal.operations.DefaultBuildOperationRunner.ex
ecute(DefaultBuildOperationRunner.java:59)
	at org.gradle.internal.operations.DefaultBuildOperationRunner.ca
ll(DefaultBuildOperationRunner.java:53)
	at org.gradle.api.internal.tasks.execution.EventFiringTaskExecut
er.execute(EventFiringTaskExecuter.java:52)
	at org.gradle.execution.plan.DefaultNodeExecutor.executeLocalTas
kNode(DefaultNodeExecutor.java:55)
	at org.gradle.execution.plan.DefaultNodeExecutor.execute(Default
NodeExecutor.java:34)
	at org.gradle.execution.taskgraph.DefaultTaskExecutionGraph$Invo
keNodeExecutorsAction.execute(DefaultTaskExecutionGraph.java:355)
	at org.gradle.execution.taskgraph.DefaultTaskExecutionGraph$Invo
keNodeExecutorsAction.execute(DefaultTaskExecutionGraph.java:343)
	at org.gradle.execution.taskgraph.DefaultTaskExecutionGraph$Buil
dOperationAwareExecutionAction.lambda$execute$0(DefaultTaskExecut
ionGraph.java:339)
	at org.gradle.internal.operations.CurrentBuildOperationRef.with(
CurrentBuildOperationRef.java:84)
	at org.gradle.execution.taskgraph.DefaultTaskExecutionGraph$Buil
dOperationAwareExecutionAction.execute(DefaultTaskExecutionGraph.
java:339)
	at org.gradle.execution.taskgraph.DefaultTaskExecutionGraph$Buil
dOperationAwareExecutionAction.execute(DefaultTaskExecutionGraph.
java:328)
	at org.gradle.execution.plan.DefaultPlanExecutor$ExecutorWorker.
execute(DefaultPlanExecutor.java:459)
	at org.gradle.execution.plan.DefaultPlanExecutor$ExecutorWorker.
run(DefaultPlanExecutor.java:376)
	at org.gradle.internal.concurrent.ExecutorPolicy$CatchAndRecordF
ailures.onExecute(ExecutorPolicy.java:64)
	at org.gradle.internal.concurrent.AbstractManagedExecutor$1.run(
AbstractManagedExecutor.java:47)
Caused by: org.gradle.api.internal.tasks.compile.CompilationFaile
dException: Compilation failed; see the compiler output below.
E:\Minecraft Project\Vanilla Outsider Collections\Better Dogs\src
\main\java\net\vanillaoutsider\betterdogs\WolfPersistentData.java
:6: error: package net.vanillaoutsider.betterdogs.platform does 
not exist
import net.vanillaoutsider.betterdogs.platform.Services;
                                              ^
1 error
	at org.gradle.api.internal.tasks.compile.JdkJavaCompiler.execute
(JdkJavaCompiler.java:89)
	at org.gradle.api.internal.tasks.compile.JdkJavaCompiler.execute
(JdkJavaCompiler.java:50)
	at org.gradle.api.internal.tasks.compile.NormalizingJavaCompiler
.delegateAndHandleErrors(NormalizingJavaCompiler.java:98)
	at org.gradle.api.internal.tasks.compile.NormalizingJavaCompiler
.execute(NormalizingJavaCompiler.java:52)
	at org.gradle.api.internal.tasks.compile.NormalizingJavaCompiler
.execute(NormalizingJavaCompiler.java:38)
	at org.gradle.api.internal.tasks.compile.AnnotationProcessorDisc
overingCompiler.execute(AnnotationProcessorDiscoveringCompiler.ja
va:52)
	at org.gradle.api.internal.tasks.compile.AnnotationProcessorDisc
overingCompiler.execute(AnnotationProcessorDiscoveringCompiler.ja
va:38)
	at org.gradle.api.internal.tasks.compile.ModuleApplicationNameWr
itingCompiler.execute(ModuleApplicationNameWritingCompiler.java:4
6)
	at org.gradle.api.internal.tasks.compile.ModuleApplicationNameWr
itingCompiler.execute(ModuleApplicationNameWritingCompiler.java:3
6)
	at org.gradle.jvm.toolchain.internal.DefaultToolchainJavaCompile
r.execute(DefaultToolchainJavaCompiler.java:57)
	at org.gradle.api.tasks.compile.JavaCompile.lambda$createToolcha
inCompiler$3(JavaCompile.java:206)
	at org.gradle.api.internal.tasks.compile.CleaningJavaCompiler.ex
ecute(CleaningJavaCompiler.java:53)
	at org.gradle.api.internal.tasks.compile.incremental.Incremental
CompilerFactory.lambda$createRebuildAllCompiler$0(IncrementalComp
ilerFactory.java:55)
	at org.gradle.api.internal.tasks.compile.incremental.SelectiveCo
mpiler.execute(SelectiveCompiler.java:70)
	at org.gradle.api.internal.tasks.compile.incremental.SelectiveCo
mpiler.execute(SelectiveCompiler.java:44)
	at org.gradle.api.internal.tasks.compile.incremental.Incremental
ResultStoringCompiler.execute(IncrementalResultStoringCompiler.ja
va:66)
	at org.gradle.api.internal.tasks.compile.incremental.Incremental
ResultStoringCompiler.execute(IncrementalResultStoringCompiler.ja
va:52)
	at org.gradle.api.internal.tasks.compile.CompileJavaBuildOperati
onReportingCompiler$1.call(CompileJavaBuildOperationReportingComp
iler.java:64)
	at org.gradle.api.internal.tasks.compile.CompileJavaBuildOperati
onReportingCompiler$1.call(CompileJavaBuildOperationReportingComp
iler.java:48)
	at org.gradle.internal.operations.DefaultBuildOperationRunner$Ca
llableBuildOperationWorker.execute(DefaultBuildOperationRunner.ja
va:209)
	at org.gradle.internal.operations.DefaultBuildOperationRunner$Ca
llableBuildOperationWorker.execute(DefaultBuildOperationRunner.ja
va:204)
	at org.gradle.internal.operations.DefaultBuildOperationRunner$2.
execute(DefaultBuildOperationRunner.java:66)
	at org.gradle.internal.operations.DefaultBuildOperationRunner$2.
execute(DefaultBuildOperationRunner.java:59)
	at org.gradle.internal.operations.DefaultBuildOperationRunner.ex
ecute(DefaultBuildOperationRunner.java:166)
	at org.gradle.internal.operations.DefaultBuildOperationRunner.ex
ecute(DefaultBuildOperationRunner.java:59)
	at org.gradle.internal.operations.DefaultBuildOperationRunner.ca
ll(DefaultBuildOperationRunner.java:53)
	at org.gradle.api.internal.tasks.compile.CompileJavaBuildOperati
onReportingCompiler.execute(CompileJavaBuildOperationReportingCom
piler.java:48)
	at org.gradle.api.tasks.compile.JavaCompile.performCompilation(J
avaCompile.java:224)
	at org.gradle.api.tasks.compile.JavaCompile.performIncrementalCo
mpilation(JavaCompile.java:165)
	at org.gradle.api.tasks.compile.JavaCompile.compile(JavaCompile.
java:150)
	at org.gradle.internal.reflect.JavaMethod.invoke(JavaMethod.java
:125)
	at org.gradle.api.internal.project.taskfactory.IncrementalTaskAc
tion.doExecute(IncrementalTaskAction.java:45)
	at org.gradle.api.internal.project.taskfactory.StandardTaskActio
n.execute(StandardTaskAction.java:51)
	at org.gradle.api.internal.project.taskfactory.IncrementalTaskAc
tion.execute(IncrementalTaskAction.java:26)
	at org.gradle.api.internal.project.taskfactory.StandardTaskActio
n.execute(StandardTaskAction.java:29)
	at org.gradle.api.internal.tasks.execution.TaskExecution$3.run(T
askExecution.java:259)
	at org.gradle.internal.operations.DefaultBuildOperationRunner$1.
execute(DefaultBuildOperationRunner.java:29)
	at org.gradle.internal.operations.DefaultBuildOperationRunner$1.
execute(DefaultBuildOperationRunner.java:26)
	at org.gradle.internal.operations.DefaultBuildOperationRunner$2.
execute(DefaultBuildOperationRunner.java:66)
	at org.gradle.internal.operations.DefaultBuildOperationRunner$2.
execute(DefaultBuildOperationRunner.java:59)
	at org.gradle.internal.operations.DefaultBuildOperationRunner.ex
ecute(DefaultBuildOperationRunner.java:166)
	at org.gradle.internal.operations.DefaultBuildOperationRunner.ex
ecute(DefaultBuildOperationRunner.java:59)
	at org.gradle.internal.operations.DefaultBuildOperationRunner.ru
n(DefaultBuildOperationRunner.java:47)
	at org.gradle.api.internal.tasks.execution.TaskExecution.execute
Action(TaskExecution.java:244)
	at org.gradle.api.internal.tasks.execution.TaskExecution.execute
Actions(TaskExecution.java:227)
	at org.gradle.api.internal.tasks.execution.TaskExecution.execute
WithPreviousOutputFiles(TaskExecution.java:210)
	at org.gradle.api.internal.tasks.execution.TaskExecution.execute
(TaskExecution.java:176)
	at org.gradle.internal.execution.steps.ExecuteStep.executeIntern
al(ExecuteStep.java:110)
	at org.gradle.internal.execution.steps.ExecuteStep.access$000(Ex
ecuteStep.java:47)
	at org.gradle.internal.execution.steps.ExecuteStep$1.call(Execut
eStep.java:64)
	at org.gradle.internal.execution.steps.ExecuteStep$1.call(Execut
eStep.java:61)
	at org.gradle.internal.operations.DefaultBuildOperationRunner$Ca
llableBuildOperationWorker.execute(DefaultBuildOperationRunner.ja
va:209)
	at org.gradle.internal.operations.DefaultBuildOperationRunner$Ca
llableBuildOperationWorker.execute(DefaultBuildOperationRunner.ja
va:204)
	at org.gradle.internal.operations.DefaultBuildOperationRunner$2.
execute(DefaultBuildOperationRunner.java:66)
	at org.gradle.internal.operations.DefaultBuildOperationRunner$2.
execute(DefaultBuildOperationRunner.java:59)
	at org.gradle.internal.operations.DefaultBuildOperationRunner.ex
ecute(DefaultBuildOperationRunner.java:166)
	at org.gradle.internal.operations.DefaultBuildOperationRunner.ex
ecute(DefaultBuildOperationRunner.java:59)
	at org.gradle.internal.operations.DefaultBuildOperationRunner.ca
ll(DefaultBuildOperationRunner.java:53)
	at org.gradle.internal.execution.steps.ExecuteStep.execute(Execu
teStep.java:61)
	at org.gradle.internal.execution.steps.ExecuteStep.execute(Execu
teStep.java:47)
	at org.gradle.internal.execution.steps.CancelExecutionStep.execu
te(CancelExecutionStep.java:42)
	at org.gradle.internal.execution.steps.TimeoutStep.executeWithou
tTimeout(TimeoutStep.java:75)
	at org.gradle.internal.execution.steps.TimeoutStep.execute(Timeo
utStep.java:55)
	at org.gradle.internal.execution.steps.PreCreateOutputParentsSte
p.execute(PreCreateOutputParentsStep.java:51)
	at org.gradle.internal.execution.steps.PreCreateOutputParentsSte
p.execute(PreCreateOutputParentsStep.java:29)
	at org.gradle.internal.execution.steps.RemovePreviousOutputsStep
.executeMutable(RemovePreviousOutputsStep.java:70)
	at org.gradle.internal.execution.steps.RemovePreviousOutputsStep
.executeMutable(RemovePreviousOutputsStep.java:40)
	at org.gradle.internal.execution.steps.MutableStep.execute(Mutab
leStep.java:25)
	at org.gradle.internal.execution.steps.BroadcastChangingOutputsS
tep.execute(BroadcastChangingOutputsStep.java:62)
	at org.gradle.internal.execution.steps.BroadcastChangingOutputsS
tep.execute(BroadcastChangingOutputsStep.java:27)
	at org.gradle.internal.execution.steps.CaptureOutputsAfterExecut
ionStep.execute(CaptureOutputsAfterExecutionStep.java:69)
	at org.gradle.internal.execution.steps.CaptureOutputsAfterExecut
ionStep.execute(CaptureOutputsAfterExecutionStep.java:46)
	at org.gradle.internal.execution.steps.ResolveInputChangesStep.e
xecuteMutable(ResolveInputChangesStep.java:39)
	at org.gradle.internal.execution.steps.ResolveInputChangesStep.e
xecuteMutable(ResolveInputChangesStep.java:28)
	at org.gradle.internal.execution.steps.MutableStep.execute(Mutab
leStep.java:25)
	at org.gradle.internal.execution.steps.BuildCacheStep.executeWit
houtCache(BuildCacheStep.java:192)
	at org.gradle.internal.execution.steps.BuildCacheStep.lambda$exe
cute$1(BuildCacheStep.java:76)
	at org.gradle.internal.Either$Right.fold(Either.java:176)
	at org.gradle.internal.execution.caching.CachingState.fold(Cachi
ngState.java:62)
	at org.gradle.internal.execution.steps.BuildCacheStep.execute(Bu
ildCacheStep.java:74)
	at org.gradle.internal.execution.steps.BuildCacheStep.execute(Bu
ildCacheStep.java:49)
	at org.gradle.internal.execution.steps.StoreExecutionStateStep.e
xecute(StoreExecutionStateStep.java:46)
	at org.gradle.internal.execution.steps.StoreExecutionStateStep.e
xecute(StoreExecutionStateStep.java:35)
1 actionable task: 1 executed
Watched directory hierarchies: [E:\Minecraft Project\Vanilla Outsider Collections\Better Dogs]
	at org.gradle.internal.execution.steps.SkipUpToDateStep.executeB
ecause(SkipUpToDateStep.java:75)
	at org.gradle.internal.execution.steps.SkipUpToDateStep.lambda$e
xecute$2(SkipUpToDateStep.java:53)
	at org.gradle.internal.execution.steps.SkipUpToDateStep.execute(
SkipUpToDateStep.java:53)
	at org.gradle.internal.execution.steps.SkipUpToDateStep.execute(
SkipUpToDateStep.java:35)
	at org.gradle.internal.execution.steps.legacy.MarkSnapshottingIn
putsFinishedStep.execute(MarkSnapshottingInputsFinishedStep.java:
37)
	at org.gradle.internal.execution.steps.legacy.MarkSnapshottingIn
putsFinishedStep.execute(MarkSnapshottingInputsFinishedStep.java:
27)
	at org.gradle.internal.execution.steps.ResolveIncrementalCaching
StateStep.executeDelegate(ResolveIncrementalCachingStateStep.java
:49)
	at org.gradle.internal.execution.steps.ResolveIncrementalCaching
StateStep.executeDelegate(ResolveIncrementalCachingStateStep.java
:27)
	at org.gradle.internal.execution.steps.AbstractResolveCachingSta
teStep.execute(AbstractResolveCachingStateStep.java:71)
	at org.gradle.internal.execution.steps.AbstractResolveCachingSta
teStep.execute(AbstractResolveCachingStateStep.java:39)
	at org.gradle.internal.execution.steps.ResolveChangesStep.execut
eMutable(ResolveChangesStep.java:63)
	at org.gradle.internal.execution.steps.ResolveChangesStep.execut
eMutable(ResolveChangesStep.java:34)
	at org.gradle.internal.execution.steps.MutableStep.execute(Mutab
leStep.java:25)
	at org.gradle.internal.execution.steps.ValidateStep.execute(Vali
dateStep.java:64)
	at org.gradle.internal.execution.steps.ValidateStep.execute(Vali
dateStep.java:42)
	at org.gradle.internal.execution.steps.AbstractCaptureStateBefor
eExecutionStep.execute(AbstractCaptureStateBeforeExecutionStep.ja
va:77)
	at org.gradle.internal.execution.steps.AbstractCaptureStateBefor
eExecutionStep.execute(AbstractCaptureStateBeforeExecutionStep.ja
va:46)
	at org.gradle.internal.execution.steps.AbstractSkipEmptyWorkStep
.executeWithNonEmptySources(AbstractSkipEmptyWorkStep.java:133)
	at org.gradle.internal.execution.steps.AbstractSkipEmptyWorkStep
.execute(AbstractSkipEmptyWorkStep.java:64)
	at org.gradle.internal.execution.steps.AbstractSkipEmptyWorkStep
.execute(AbstractSkipEmptyWorkStep.java:36)
	at org.gradle.internal.execution.steps.legacy.MarkSnapshottingIn
putsStartedStep.execute(MarkSnapshottingInputsStartedStep.java:38
)
	at org.gradle.internal.execution.steps.LoadPreviousExecutionStat
eStep.execute(LoadPreviousExecutionStateStep.java:36)
	at org.gradle.internal.execution.steps.LoadPreviousExecutionStat
eStep.execute(LoadPreviousExecutionStateStep.java:23)
	at org.gradle.internal.execution.steps.HandleStaleOutputsStep.ex
ecuteMutable(HandleStaleOutputsStep.java:77)
	at org.gradle.internal.execution.steps.HandleStaleOutputsStep.ex
ecuteMutable(HandleStaleOutputsStep.java:43)
	at org.gradle.internal.execution.steps.MutableStep.execute(Mutab
leStep.java:25)
	at org.gradle.internal.execution.steps.AssignMutableWorkspaceSte
p.lambda$execute$0(AssignMutableWorkspaceStep.java:35)
	at org.gradle.api.internal.tasks.execution.TaskExecution$4.withW
orkspace(TaskExecution.java:305)
	at org.gradle.internal.execution.steps.AssignMutableWorkspaceSte
p.execute(AssignMutableWorkspaceStep.java:31)
	at org.gradle.internal.execution.steps.AssignMutableWorkspaceSte
p.execute(AssignMutableWorkspaceStep.java:22)
	at org.gradle.internal.execution.steps.ChoosePipelineStep.execut
e(ChoosePipelineStep.java:40)
	at org.gradle.internal.execution.steps.ChoosePipelineStep.execut
e(ChoosePipelineStep.java:23)
	at org.gradle.internal.execution.steps.ExecuteWorkBuildOperation
FiringStep.lambda$execute$2(ExecuteWorkBuildOperationFiringStep.j
ava:67)
	at org.gradle.internal.execution.steps.ExecuteWorkBuildOperation
FiringStep.execute(ExecuteWorkBuildOperationFiringStep.java:67)
	at org.gradle.internal.execution.steps.ExecuteWorkBuildOperation
FiringStep.execute(ExecuteWorkBuildOperationFiringStep.java:39)
	at org.gradle.internal.execution.steps.IdentityCacheStep.execute
(IdentityCacheStep.java:46)
	at org.gradle.internal.execution.steps.IdentityCacheStep.execute
(IdentityCacheStep.java:34)
	at org.gradle.internal.execution.steps.IdentifyStep.execute(Iden
tifyStep.java:44)
	at org.gradle.internal.execution.steps.IdentifyStep.execute(Iden
tifyStep.java:31)
	at org.gradle.internal.execution.impl.DefaultExecutionEngine$1.e
xecute(DefaultExecutionEngine.java:68)
	at org.gradle.api.internal.tasks.execution.ExecuteActionsTaskExe
cuter.executeIfValid(ExecuteActionsTaskExecuter.java:132)
	... 30 more


BUILD FAILED in 16s
