
> Configure project :
Fabric Loom: 1.14.7

> Task :compileJava FAILED
./gradlew : 
E:\Minecraft 
Project\Vanilla 
Outsider 
Collections\Better Dog
s\src\main\java\net\va
nillaoutsider\betterdo
gs\ai\AvoidHazardsGoal
.java:37: error: 
cannot find symbol
At line:1 char:1
+ ./gradlew build > 
build_error.log 2>&1
+ ~~~~~~~~~~~~~~~~~~~~
~~~~~~~~~~~~~~~~~~
    + CategoryInfo    
          : NotSpeci  
  fied: (E:\Minecra   
 ft Pr...not find     
symbol:String) []    
, RemoteException
    + FullyQualifiedE 
   rrorId : NativeCo  
  mmandError
 
        int 
checkLimit = Math.min(
path.getNodeCount(), B
etterDogsConfig.get().
getHazardCheckLimit())
;
                      
                      
           ^
  symbol:   variable 
BetterDogsConfig
  location: class 
AvoidHazardsGoal
E:\Minecraft 
Project\Vanilla 
Outsider 
Collections\Better Dog
s\src\main\java\net\va
nillaoutsider\betterdo
gs\ai\AvoidHazardsGoal
.java:62: error: 
cannot find symbol
        int 
searchLimit = BetterDo
gsConfig.get().getHaza
rdFallSearchLimit();
                      
    ^
  symbol:   variable 
BetterDogsConfig
  location: class 
AvoidHazardsGoal
E:\Minecraft 
Project\Vanilla 
Outsider 
Collections\Better Dog
s\src\main\java\net\va
nillaoutsider\betterdo
gs\ai\AvoidHazardsGoal
.java:68: error: 
cannot find symbol
        return 
fallDistance > BetterD
ogsConfig.get().getMax
SafeFall();
                      
        ^
  symbol:   variable 
BetterDogsConfig
  location: class 
AvoidHazardsGoal
E:\Minecraft 
Project\Vanilla 
Outsider 
Collections\Better Dog
s\src\main\java\net\va
nillaoutsider\betterdo
gs\ai\BabyBiteBackGoal
.java:81: error: 
cannot find symbol
            ext.better
dogs$setSocialState(th
is.retaliationTarget, 
WolfExtensions.SocialA
ction.RETALIATION, Bet
terDogsConfig.get().ge
tCorrectionDuration())
;
                      
                      
                      
                      
                   ^
  symbol:   variable 
BetterDogsConfig
  location: class 
BabyBiteBackGoal
E:\Minecraft 
Project\Vanilla 
Outsider 
Collections\Better Dog
s\src\main\java\net\va
nillaoutsider\betterdo
gs\ai\BabyBiteBackGoal
.java:102: error: 
cannot find symbol
        
BetterDogsConfig 
config = BetterDogsCon
fig.get();
        ^
  symbol:   class 
BetterDogsConfig
  location: class 
BabyBiteBackGoal
E:\Minecraft 
Project\Vanilla 
Outsider 
Collections\Better Dog
s\src\main\java\net\va
nillaoutsider\betterdo
gs\ai\BabyBiteBackGoal
.java:102: error: 
cannot find symbol
        
BetterDogsConfig 
config = BetterDogsCon
fig.get();
                      
            ^
  symbol:   variable 
BetterDogsConfig
  location: class 
BabyBiteBackGoal
E:\Minecraft 
Project\Vanilla 
Outsider 
Collections\Better Dog
s\src\main\java\net\va
nillaoutsider\betterdo
gs\ai\SmallFightGoal.j
ava:65: error: cannot 
find symbol
        
BetterDogsConfig 
config = BetterDogsCon
fig.get();
        ^
  symbol:   class 
BetterDogsConfig
  location: class 
SmallFightGoal
E:\Minecraft 
Project\Vanilla 
Outsider 
Collections\Better Dog
s\src\main\java\net\va
nillaoutsider\betterdo
gs\ai\SmallFightGoal.j
ava:65: error: cannot 
find symbol
        
BetterDogsConfig 
config = BetterDogsCon
fig.get();
                      
            ^
  symbol:   variable 
BetterDogsConfig
  location: class 
SmallFightGoal
E:\Minecraft 
Project\Vanilla 
Outsider 
Collections\Better Dog
s\src\main\java\net\va
nillaoutsider\betterdo
gs\ai\WanderlustGoal.j
ava:39: error: cannot 
find symbol
        
BetterDogsConfig 
config = BetterDogsCon
fig.get();
        ^
  symbol:   class 
BetterDogsConfig
  location: class 
WanderlustGoal
E:\Minecraft 
Project\Vanilla 
Outsider 
Collections\Better Dog
s\src\main\java\net\va
nillaoutsider\betterdo
gs\ai\WanderlustGoal.j
ava:39: error: cannot 
find symbol
        
BetterDogsConfig 
config = BetterDogsCon
fig.get();
                      
            ^
  symbol:   variable 
BetterDogsConfig
  location: class 
WanderlustGoal
E:\Minecraft 
Project\Vanilla 
Outsider 
Collections\Better Dog
s\src\main\java\net\va
nillaoutsider\betterdo
gs\ai\ZoomiesGoal.java
:23: error: cannot 
find symbol
        
this.speedModifier = B
etterDogsConfig.get().
getZoomiesSpeedModifie
r();
                      
       ^
  symbol:   variable 
BetterDogsConfig
  location: class 
ZoomiesGoal
E:\Minecraft 
Project\Vanilla 
Outsider 
Collections\Better Dog
s\src\main\java\net\va
nillaoutsider\betterdo
gs\ai\ZoomiesGoal.java
:46: error: cannot 
find symbol
        
BetterDogsConfig 
config = BetterDogsCon
fig.get();
        ^
  symbol:   class 
BetterDogsConfig
  location: class 
ZoomiesGoal
E:\Minecraft 
Project\Vanilla 
Outsider 
Collections\Better Dog
s\src\main\java\net\va
nillaoutsider\betterdo
gs\ai\ZoomiesGoal.java
:46: error: cannot 
find symbol
        
BetterDogsConfig 
config = BetterDogsCon
fig.get();
                      
            ^
  symbol:   variable 
BetterDogsConfig
  location: class 
ZoomiesGoal
E:\Minecraft 
Project\Vanilla 
Outsider 
Collections\Better Dog
s\src\main\java\net\va
nillaoutsider\betterdo
gs\ai\ZoomiesGoal.java
:59: error: cannot 
find symbol
        
BetterDogsConfig 
config = BetterDogsCon
fig.get();
        ^
  symbol:   class 
BetterDogsConfig
  location: class 
ZoomiesGoal
E:\Minecraft 
Project\Vanilla 
Outsider 
Collections\Better Dog
s\src\main\java\net\va
nillaoutsider\betterdo
gs\ai\ZoomiesGoal.java
:59: error: cannot 
find symbol
        
BetterDogsConfig 
config = BetterDogsCon
fig.get();
                      
            ^
  symbol:   variable 
BetterDogsConfig
  location: class 
ZoomiesGoal
15 errors

[Incubating] Problems report is available at: file:///E:/Minecraft%20Project/Vanilla%20Outsider%20Collections/Better%20Dogs/build/reports/problems/problems-report.html

FAILURE: Build failed 
with an exception.

* What went wrong:
Execution failed for 
task ':compileJava'.
> Compilation failed; 
see the compiler 
output below.
  E:\Minecraft 
Project\Vanilla 
Outsider 
Collections\Better Dog
s\src\main\java\net\va
nillaoutsider\betterdo
gs\ai\AvoidHazardsGoal
.java:37: error: 
cannot find symbol
          int 
checkLimit = Math.min(
path.getNodeCount(), B
etterDogsConfig.get().
getHazardCheckLimit())
;
                      
                      
             ^
    symbol:   
variable 
BetterDogsConfig
    location: class 
AvoidHazardsGoal
  E:\Minecraft 
Project\Vanilla 
Outsider 
Collections\Better Dog
s\src\main\java\net\va
nillaoutsider\betterdo
gs\ai\AvoidHazardsGoal
.java:62: error: 
cannot find symbol
          int 
searchLimit = BetterDo
gsConfig.get().getHaza
rdFallSearchLimit();
                      
      ^
    symbol:   
variable 
BetterDogsConfig
    location: class 
AvoidHazardsGoal
  E:\Minecraft 
Project\Vanilla 
Outsider 
Collections\Better Dog
s\src\main\java\net\va
nillaoutsider\betterdo
gs\ai\AvoidHazardsGoal
.java:68: error: 
cannot find symbol
          return 
fallDistance > BetterD
ogsConfig.get().getMax
SafeFall();
                      
          ^
    symbol:   
variable 
BetterDogsConfig
    location: class 
AvoidHazardsGoal
  E:\Minecraft 
Project\Vanilla 
Outsider 
Collections\Better Dog
s\src\main\java\net\va
nillaoutsider\betterdo
gs\ai\BabyBiteBackGoal
.java:81: error: 
cannot find symbol
              ext.bett
erdogs$setSocialState(
this.retaliationTarget
, WolfExtensions.Socia
lAction.RETALIATION, B
etterDogsConfig.get().
getCorrectionDuration(
));
                      
                      
                      
                      
                     ^
    symbol:   
variable 
BetterDogsConfig
    location: class 
BabyBiteBackGoal
  E:\Minecraft 
Project\Vanilla 
Outsider 
Collections\Better Dog
s\src\main\java\net\va
nillaoutsider\betterdo
gs\ai\BabyBiteBackGoal
.java:102: error: 
cannot find symbol
          
BetterDogsConfig 
config = BetterDogsCon
fig.get();
          ^
    symbol:   class 
BetterDogsConfig
    location: class 
BabyBiteBackGoal
  E:\Minecraft 
Project\Vanilla 
Outsider 
Collections\Better Dog
s\src\main\java\net\va
nillaoutsider\betterdo
gs\ai\BabyBiteBackGoal
.java:102: error: 
cannot find symbol
          
BetterDogsConfig 
config = BetterDogsCon
fig.get();
                      
              ^
    symbol:   
variable 
BetterDogsConfig
    location: class 
BabyBiteBackGoal
  E:\Minecraft 
Project\Vanilla 
Outsider 
Collections\Better Dog
s\src\main\java\net\va
nillaoutsider\betterdo
gs\ai\SmallFightGoal.j
ava:65: error: cannot 
find symbol
          
BetterDogsConfig 
config = BetterDogsCon
fig.get();
          ^
    symbol:   class 
BetterDogsConfig
    location: class 
SmallFightGoal
  E:\Minecraft 
Project\Vanilla 
Outsider 
Collections\Better Dog
s\src\main\java\net\va
nillaoutsider\betterdo
gs\ai\SmallFightGoal.j
ava:65: error: cannot 
find symbol
          
BetterDogsConfig 
config = BetterDogsCon
fig.get();
                      
              ^
    symbol:   
variable 
BetterDogsConfig
    location: class 
SmallFightGoal
  E:\Minecraft 
Project\Vanilla 
Outsider 
Collections\Better Dog
s\src\main\java\net\va
nillaoutsider\betterdo
gs\ai\WanderlustGoal.j
ava:39: error: cannot 
find symbol
          
BetterDogsConfig 
config = BetterDogsCon
fig.get();
          ^
    symbol:   class 
BetterDogsConfig
    location: class 
WanderlustGoal
  E:\Minecraft 
Project\Vanilla 
Outsider 
Collections\Better Dog
s\src\main\java\net\va
nillaoutsider\betterdo
gs\ai\WanderlustGoal.j
ava:39: error: cannot 
find symbol
1 actionable task: 1 executed
          
BetterDogsConfig 
config = BetterDogsCon
fig.get();
                      
              ^
    symbol:   
variable 
BetterDogsConfig
    location: class 
WanderlustGoal
  E:\Minecraft 
Project\Vanilla 
Outsider 
Collections\Better Dog
s\src\main\java\net\va
nillaoutsider\betterdo
gs\ai\ZoomiesGoal.java
:23: error: cannot 
find symbol
          
this.speedModifier = B
etterDogsConfig.get().
getZoomiesSpeedModifie
r();
                      
         ^
    symbol:   
variable 
BetterDogsConfig
    location: class 
ZoomiesGoal
  E:\Minecraft 
Project\Vanilla 
Outsider 
Collections\Better Dog
s\src\main\java\net\va
nillaoutsider\betterdo
gs\ai\ZoomiesGoal.java
:46: error: cannot 
find symbol
          
BetterDogsConfig 
config = BetterDogsCon
fig.get();
          ^
    symbol:   class 
BetterDogsConfig
    location: class 
ZoomiesGoal
  E:\Minecraft 
Project\Vanilla 
Outsider 
Collections\Better Dog
s\src\main\java\net\va
nillaoutsider\betterdo
gs\ai\ZoomiesGoal.java
:46: error: cannot 
find symbol
          
BetterDogsConfig 
config = BetterDogsCon
fig.get();
                      
              ^
    symbol:   
variable 
BetterDogsConfig
    location: class 
ZoomiesGoal
  E:\Minecraft 
Project\Vanilla 
Outsider 
Collections\Better Dog
s\src\main\java\net\va
nillaoutsider\betterdo
gs\ai\ZoomiesGoal.java
:59: error: cannot 
find symbol
          
BetterDogsConfig 
config = BetterDogsCon
fig.get();
          ^
    symbol:   class 
BetterDogsConfig
    location: class 
ZoomiesGoal
  E:\Minecraft 
Project\Vanilla 
Outsider 
Collections\Better Dog
s\src\main\java\net\va
nillaoutsider\betterdo
gs\ai\ZoomiesGoal.java
:59: error: cannot 
find symbol
          
BetterDogsConfig 
config = BetterDogsCon
fig.get();
                      
              ^
    symbol:   
variable 
BetterDogsConfig
    location: class 
ZoomiesGoal
  15 errors

* Try:
> Check your code and 
dependencies to fix 
the compilation 
error(s)
> Run with --scan to 
get full insights 
from a Build Scan 
(powered by 
Develocity).

BUILD FAILED in 2s
